{"level":"info","time":"2025-06-01T06:50:11Z","message":"System has 7GB RAM, setting iceberg writer batch size to 209715200 bytes"}
{"level":"info","time":"2025-06-01T06:50:11Z","message":"Running sync with state: null"}
{"level":"info","message":"S3 credentials not explicitly provided for custom endpoint. Ensure the service supports anonymous access or credentials are available through other means","time":"2025-06-01T06:50:11Z"}
{"level":"info","time":"2025-06-01T06:50:11Z","message":"Iceberg JAR file found in base directory: /home/debezium-server-iceberg-sink.jar"}
{"level":"info","time":"2025-06-01T06:50:11Z","message":"Connected to new iceberg writer on port 50051 for stream check_01JWN42JFR48KYSKKBM52KS9ZT, configHash check_01JWN42JFR48KYSKKBM52KS9ZT-check-false"}
{"level":"info","message":"[Java-Iceberg:50051] 06:50:11.696 [main] INFO  io.debezium.server.iceberg.OlakeRpcServer - Logs will be output to console only","time":"2025-06-01T06:50:11Z"}
{"level":"error","time":"2025-06-01T06:50:11Z","message":"[Java-Iceberg:50051] 06:50:11.860 [main] WARN  org.apache.iceberg.rest.ErrorHandlers - Unable to parse error response"}
{"level":"error","time":"2025-06-01T06:50:11Z","message":"[Java-Iceberg:50051] java.io.UncheckedIOException: com.fasterxml.jackson.databind.exc.MismatchedInputException: No content to map due to end-of-input"}
{"level":"error","time":"2025-06-01T06:50:11Z","message":"[Java-Iceberg:50051]  at [Source: (String)\"\"; line: 1, column: 0]"}
{"level":"error","time":"2025-06-01T06:50:11Z","message":"[Java-Iceberg:50051] \tat org.apache.iceberg.util.JsonUtil.parse(JsonUtil.java:101) ~[debezium-server-iceberg-sink.jar:?]"}
{"level":"error","time":"2025-06-01T06:50:11Z","message":"[Java-Iceberg:50051] \tat org.apache.iceberg.rest.responses.ErrorResponseParser.fromJson(ErrorResponseParser.java:71) ~[debezium-server-iceberg-sink.jar:?]"}
{"level":"error","time":"2025-06-01T06:50:11Z","message":"[Java-Iceberg:50051] \tat org.apache.iceberg.rest.ErrorHandlers$DefaultErrorHandler.parseResponse(ErrorHandlers.java:194) [debezium-server-iceberg-sink.jar:?]"}
{"level":"error","time":"2025-06-01T06:50:11Z","message":"[Java-Iceberg:50051] \tat org.apache.iceberg.rest.HTTPClient.throwFailure(HTTPClient.java:181) [debezium-server-iceberg-sink.jar:?]"}
{"level":"error","time":"2025-06-01T06:50:11Z","message":"[Java-Iceberg:50051] \tat org.apache.iceberg.rest.HTTPClient.execute(HTTPClient.java:323) [debezium-server-iceberg-sink.jar:?]"}
{"level":"error","time":"2025-06-01T06:50:11Z","message":"[Java-Iceberg:50051] \tat org.apache.iceberg.rest.HTTPClient.execute(HTTPClient.java:262) [debezium-server-iceberg-sink.jar:?]"}
{"level":"error","time":"2025-06-01T06:50:11Z","message":"[Java-Iceberg:50051] \tat org.apache.iceberg.rest.HTTPClient.get(HTTPClient.java:358) [debezium-server-iceberg-sink.jar:?]"}
{"level":"error","time":"2025-06-01T06:50:11Z","message":"[Java-Iceberg:50051] \tat org.apache.iceberg.rest.RESTSessionCatalog.fetchConfig(RESTSessionCatalog.java:1045) [debezium-server-iceberg-sink.jar:?]"}
{"level":"error","time":"2025-06-01T06:50:11Z","message":"[Java-Iceberg:50051] \tat org.apache.iceberg.rest.RESTSessionCatalog.initialize(RESTSessionCatalog.java:254) [debezium-server-iceberg-sink.jar:?]"}
{"level":"error","time":"2025-06-01T06:50:11Z","message":"[Java-Iceberg:50051] \tat org.apache.iceberg.rest.RESTCatalog.initialize(RESTCatalog.java:78) [debezium-server-iceberg-sink.jar:?]"}
{"level":"error","time":"2025-06-01T06:50:11Z","message":"[Java-Iceberg:50051] \tat org.apache.iceberg.CatalogUtil.loadCatalog(CatalogUtil.java:274) [debezium-server-iceberg-sink.jar:?]"}
{"level":"error","time":"2025-06-01T06:50:11Z","message":"[Java-Iceberg:50051] \tat org.apache.iceberg.CatalogUtil.buildIcebergCatalog(CatalogUtil.java:328) [debezium-server-iceberg-sink.jar:?]"}
{"level":"error","time":"2025-06-01T06:50:11Z","message":"[Java-Iceberg:50051] \tat io.debezium.server.iceberg.OlakeRpcServer.main(OlakeRpcServer.java:84) [debezium-server-iceberg-sink.jar:?]"}
{"level":"error","time":"2025-06-01T06:50:11Z","message":"[Java-Iceberg:50051] Caused by: com.fasterxml.jackson.databind.exc.MismatchedInputException: No content to map due to end-of-input"}
{"level":"error","time":"2025-06-01T06:50:11Z","message":"[Java-Iceberg:50051]  at [Source: (String)\"\"; line: 1, column: 0]"}
{"level":"error","time":"2025-06-01T06:50:11Z","message":"[Java-Iceberg:50051] \tat com.fasterxml.jackson.databind.exc.MismatchedInputException.from(MismatchedInputException.java:59) ~[debezium-server-iceberg-sink.jar:?]"}
{"level":"error","time":"2025-06-01T06:50:11Z","message":"[Java-Iceberg:50051] \tat com.fasterxml.jackson.databind.ObjectMapper._initForReading(ObjectMapper.java:4990) ~[debezium-server-iceberg-sink.jar:?]"}
{"level":"error","time":"2025-06-01T06:50:11Z","message":"[Java-Iceberg:50051] \tat com.fasterxml.jackson.databind.ObjectMapper._readMapAndClose(ObjectMapper.java:4892) ~[debezium-server-iceberg-sink.jar:?]"}
{"level":"error","time":"2025-06-01T06:50:11Z","message":"[Java-Iceberg:50051] \tat com.fasterxml.jackson.databind.ObjectMapper.readValue(ObjectMapper.java:3846) ~[debezium-server-iceberg-sink.jar:?]"}
{"level":"error","time":"2025-06-01T06:50:11Z","message":"[Java-Iceberg:50051] \tat com.fasterxml.jackson.databind.ObjectMapper.readValue(ObjectMapper.java:3814) ~[debezium-server-iceberg-sink.jar:?]"}
{"level":"error","time":"2025-06-01T06:50:11Z","message":"[Java-Iceberg:50051] \tat org.apache.iceberg.util.JsonUtil.parse(JsonUtil.java:99) ~[debezium-server-iceberg-sink.jar:?]"}
{"level":"info","message":"[Java-Iceberg:50051] \t... 12 more","time":"2025-06-01T06:50:11Z"}
{"level":"error","time":"2025-06-01T06:50:11Z","message":"[Java-Iceberg:50051] Exception in thread \"main\" org.apache.iceberg.exceptions.RESTException: Unable to process: "}
{"level":"error","time":"2025-06-01T06:50:11Z","message":"[Java-Iceberg:50051] \tat org.apache.iceberg.rest.ErrorHandlers$DefaultErrorHandler.accept(ErrorHandlers.java:224)"}
{"level":"error","time":"2025-06-01T06:50:11Z","message":"[Java-Iceberg:50051] \tat org.apache.iceberg.rest.ErrorHandlers$DefaultErrorHandler.accept(ErrorHandlers.java:188)"}
{"level":"error","time":"2025-06-01T06:50:11Z","message":"[Java-Iceberg:50051] \tat org.apache.iceberg.rest.HTTPClient.throwFailure(HTTPClient.java:211)"}
{"level":"error","time":"2025-06-01T06:50:11Z","message":"[Java-Iceberg:50051] \tat org.apache.iceberg.rest.HTTPClient.execute(HTTPClient.java:323)"}
{"level":"error","time":"2025-06-01T06:50:11Z","message":"[Java-Iceberg:50051] \tat org.apache.iceberg.rest.HTTPClient.execute(HTTPClient.java:262)"}
{"level":"error","time":"2025-06-01T06:50:11Z","message":"[Java-Iceberg:50051] \tat org.apache.iceberg.rest.HTTPClient.get(HTTPClient.java:358)"}
{"level":"error","time":"2025-06-01T06:50:11Z","message":"[Java-Iceberg:50051] \tat org.apache.iceberg.rest.RESTSessionCatalog.fetchConfig(RESTSessionCatalog.java:1045)"}
{"level":"error","time":"2025-06-01T06:50:11Z","message":"[Java-Iceberg:50051] \tat org.apache.iceberg.rest.RESTSessionCatalog.initialize(RESTSessionCatalog.java:254)"}
{"level":"error","time":"2025-06-01T06:50:11Z","message":"[Java-Iceberg:50051] \tat org.apache.iceberg.rest.RESTCatalog.initialize(RESTCatalog.java:78)"}
{"level":"error","time":"2025-06-01T06:50:11Z","message":"[Java-Iceberg:50051] \tat org.apache.iceberg.CatalogUtil.loadCatalog(CatalogUtil.java:274)"}
{"level":"error","time":"2025-06-01T06:50:11Z","message":"[Java-Iceberg:50051] \tat org.apache.iceberg.CatalogUtil.buildIcebergCatalog(CatalogUtil.java:328)"}
{"level":"error","time":"2025-06-01T06:50:11Z","message":"[Java-Iceberg:50051] \tat io.debezium.server.iceberg.OlakeRpcServer.main(OlakeRpcServer.java:84)"}
{"level":"info","time":"2025-06-01T06:50:41Z","message":"Shutting down Iceberg server on port 50051"}
{"level":"fatal","time":"2025-06-01T06:50:41Z","message":"failed to test destination: error sending record to Iceberg RPC Server: rpc error: code = DeadlineExceeded desc = latest balancer error: connection error: desc = \"transport: Error while dialing: dial tcp 127.0.0.1:50051: connect: connection refused\""}
